============================= test session starts ==============================
platform darwin -- Python 3.11.4, pytest-7.4.0, pluggy-1.2.0
rootdir: /home/user/proj
collected 5 items

test_math.py ..F.F                                                       [100%]

=================================== FAILURES ===================================
_________________________________ test_add ___________________________________

    def test_add():
>       assert add(1, 2) == 4
E       assert 3 == 4
E        +  where 3 = add(1, 2)

test_math.py:10: AssertionError
_________________________________ test_boom __________________________________

    def test_boom():
>       raise ValueError("kaboom")
E       ValueError: kaboom

test_math.py:15: ValueError
=========================== short test summary info ============================
FAILED test_math.py::test_add - assert 3 == 4
FAILED test_math.py::test_boom - ValueError: kaboom
========================= 2 failed, 3 passed in 0.04s ==========================
